[2025-10-29T13:17:39.545+0000] {local_task_job_runner.py:120} INFO - ::group::Pre task execution logs
[2025-10-29T13:17:39.566+0000] {taskinstance.py:2076} INFO - Dependencies all met for dep_context=non-requeueable deps ti=<TaskInstance: model_retraining_pipeline.train_and_validate manual__2025-10-29T13:17:37+00:00 [queued]>
[2025-10-29T13:17:39.573+0000] {taskinstance.py:2076} INFO - Dependencies all met for dep_context=requeueable deps ti=<TaskInstance: model_retraining_pipeline.train_and_validate manual__2025-10-29T13:17:37+00:00 [queued]>
[2025-10-29T13:17:39.574+0000] {taskinstance.py:2306} INFO - Starting attempt 1 of 2
[2025-10-29T13:17:39.586+0000] {taskinstance.py:2330} INFO - Executing <Task(PythonOperator): train_and_validate> on 2025-10-29 13:17:37+00:00
[2025-10-29T13:17:39.595+0000] {logging_mixin.py:188} WARNING - /home/***/.local/lib/python3.12/site-packages/***/task/task_runner/standard_task_runner.py:61 DeprecationWarning: This process (pid=1899) is multi-threaded, use of fork() may lead to deadlocks in the child.
[2025-10-29T13:17:39.594+0000] {standard_task_runner.py:90} INFO - Running: ['***', 'tasks', 'run', 'model_retraining_pipeline', 'train_and_validate', 'manual__2025-10-29T13:17:37+00:00', '--job-id', '345', '--raw', '--subdir', 'DAGS_FOLDER/retraining_pipeline.py', '--cfg-path', '/tmp/tmp6ox8batl']
[2025-10-29T13:17:39.597+0000] {standard_task_runner.py:63} INFO - Started process 1913 to run task
[2025-10-29T13:17:39.598+0000] {standard_task_runner.py:91} INFO - Job 345: Subtask train_and_validate
[2025-10-29T13:17:39.640+0000] {task_command.py:426} INFO - Running <TaskInstance: model_retraining_pipeline.train_and_validate manual__2025-10-29T13:17:37+00:00 [running]> on host 45f655694865
[2025-10-29T13:17:39.705+0000] {taskinstance.py:2648} INFO - Exporting env vars: AIRFLOW_CTX_DAG_OWNER='***' AIRFLOW_CTX_DAG_ID='model_retraining_pipeline' AIRFLOW_CTX_TASK_ID='train_and_validate' AIRFLOW_CTX_EXECUTION_DATE='2025-10-29T13:17:37+00:00' AIRFLOW_CTX_TRY_NUMBER='1' AIRFLOW_CTX_DAG_RUN_ID='manual__2025-10-29T13:17:37+00:00'
[2025-10-29T13:17:39.706+0000] {taskinstance.py:430} INFO - ::endgroup::
[2025-10-29T13:17:39.772+0000] {taskinstance.py:441} INFO - ::group::Post task execution logs
[2025-10-29T13:17:39.772+0000] {taskinstance.py:2905} ERROR - Task failed with exception
Traceback (most recent call last):
  File "/home/airflow/.local/lib/python3.12/site-packages/pandas/core/indexes/base.py", line 3791, in get_loc
    return self._engine.get_loc(casted_key)
           ^^^^^^^^^^^^^^^^^^^^^^^^^^^^^^^^
  File "index.pyx", line 152, in pandas._libs.index.IndexEngine.get_loc
  File "index.pyx", line 181, in pandas._libs.index.IndexEngine.get_loc
  File "pandas/_libs/hashtable_class_helper.pxi", line 7080, in pandas._libs.hashtable.PyObjectHashTable.get_item
  File "pandas/_libs/hashtable_class_helper.pxi", line 7088, in pandas._libs.hashtable.PyObjectHashTable.get_item
KeyError: 'timestamp'

The above exception was the direct cause of the following exception:

Traceback (most recent call last):
  File "/home/airflow/.local/lib/python3.12/site-packages/airflow/models/taskinstance.py", line 465, in _execute_task
    result = _execute_callable(context=context, **execute_callable_kwargs)
             ^^^^^^^^^^^^^^^^^^^^^^^^^^^^^^^^^^^^^^^^^^^^^^^^^^^^^^^^^^^^^
  File "/home/airflow/.local/lib/python3.12/site-packages/airflow/models/taskinstance.py", line 432, in _execute_callable
    return execute_callable(context=context, **execute_callable_kwargs)
           ^^^^^^^^^^^^^^^^^^^^^^^^^^^^^^^^^^^^^^^^^^^^^^^^^^^^^^^^^^^^
  File "/home/airflow/.local/lib/python3.12/site-packages/airflow/models/baseoperator.py", line 400, in wrapper
    return func(self, *args, **kwargs)
           ^^^^^^^^^^^^^^^^^^^^^^^^^^^
  File "/home/airflow/.local/lib/python3.12/site-packages/airflow/operators/python.py", line 235, in execute
    return_value = self.execute_callable()
                   ^^^^^^^^^^^^^^^^^^^^^^^
  File "/home/airflow/.local/lib/python3.12/site-packages/airflow/operators/python.py", line 252, in execute_callable
    return self.python_callable(*self.op_args, **self.op_kwargs)
           ^^^^^^^^^^^^^^^^^^^^^^^^^^^^^^^^^^^^^^^^^^^^^^^^^^^^^
  File "/opt/airflow/dags/retrain_logic.py", line 81, in run_retraining_pipeline
    X_train, X_val, y_train, y_val = preprocess_and_split(df)
                                     ^^^^^^^^^^^^^^^^^^^^^^^^
  File "/opt/airflow/dags/retrain_logic.py", line 42, in preprocess_and_split
    df['timestamp'] = pd.to_datetime(df['timestamp'], errors='coerce')
                                     ~~^^^^^^^^^^^^^
  File "/home/airflow/.local/lib/python3.12/site-packages/pandas/core/frame.py", line 3893, in __getitem__
    indexer = self.columns.get_loc(key)
              ^^^^^^^^^^^^^^^^^^^^^^^^^
  File "/home/airflow/.local/lib/python3.12/site-packages/pandas/core/indexes/base.py", line 3798, in get_loc
    raise KeyError(key) from err
KeyError: 'timestamp'
[2025-10-29T13:17:39.790+0000] {taskinstance.py:1206} INFO - Marking task as UP_FOR_RETRY. dag_id=model_retraining_pipeline, task_id=train_and_validate, run_id=manual__2025-10-29T13:17:37+00:00, execution_date=20251029T131737, start_date=20251029T131739, end_date=20251029T131739
[2025-10-29T13:17:39.801+0000] {standard_task_runner.py:110} ERROR - Failed to execute job 345 for task train_and_validate ('timestamp'; 1913)
[2025-10-29T13:17:39.813+0000] {local_task_job_runner.py:240} INFO - Task exited with return code 1
[2025-10-29T13:17:39.829+0000] {taskinstance.py:3498} INFO - 0 downstream tasks scheduled from follow-on schedule check
[2025-10-29T13:17:39.834+0000] {local_task_job_runner.py:222} INFO - ::endgroup::
