[2025-10-29T13:05:49.421+0000] {local_task_job_runner.py:120} INFO - ::group::Pre task execution logs
[2025-10-29T13:05:49.442+0000] {taskinstance.py:2076} INFO - Dependencies all met for dep_context=non-requeueable deps ti=<TaskInstance: model_retraining_pipeline.train_and_validate manual__2025-10-29T13:05:47+00:00 [queued]>
[2025-10-29T13:05:49.450+0000] {taskinstance.py:2076} INFO - Dependencies all met for dep_context=requeueable deps ti=<TaskInstance: model_retraining_pipeline.train_and_validate manual__2025-10-29T13:05:47+00:00 [queued]>
[2025-10-29T13:05:49.451+0000] {taskinstance.py:2306} INFO - Starting attempt 1 of 2
[2025-10-29T13:05:49.464+0000] {taskinstance.py:2330} INFO - Executing <Task(PythonOperator): train_and_validate> on 2025-10-29 13:05:47+00:00
[2025-10-29T13:05:49.473+0000] {standard_task_runner.py:90} INFO - Running: ['***', 'tasks', 'run', 'model_retraining_pipeline', 'train_and_validate', 'manual__2025-10-29T13:05:47+00:00', '--job-id', '322', '--raw', '--subdir', 'DAGS_FOLDER/retraining_pipeline.py', '--cfg-path', '/tmp/tmprvyn8lzi']
[2025-10-29T13:05:49.474+0000] {logging_mixin.py:188} WARNING - /home/***/.local/lib/python3.12/site-packages/***/task/task_runner/standard_task_runner.py:61 DeprecationWarning: This process (pid=790) is multi-threaded, use of fork() may lead to deadlocks in the child.
[2025-10-29T13:05:49.476+0000] {standard_task_runner.py:91} INFO - Job 322: Subtask train_and_validate
[2025-10-29T13:05:49.476+0000] {standard_task_runner.py:63} INFO - Started process 804 to run task
[2025-10-29T13:05:49.522+0000] {task_command.py:426} INFO - Running <TaskInstance: model_retraining_pipeline.train_and_validate manual__2025-10-29T13:05:47+00:00 [running]> on host 45f655694865
[2025-10-29T13:05:49.596+0000] {taskinstance.py:2648} INFO - Exporting env vars: AIRFLOW_CTX_DAG_OWNER='***' AIRFLOW_CTX_DAG_ID='model_retraining_pipeline' AIRFLOW_CTX_TASK_ID='train_and_validate' AIRFLOW_CTX_EXECUTION_DATE='2025-10-29T13:05:47+00:00' AIRFLOW_CTX_TRY_NUMBER='1' AIRFLOW_CTX_DAG_RUN_ID='manual__2025-10-29T13:05:47+00:00'
[2025-10-29T13:05:49.598+0000] {taskinstance.py:430} INFO - ::endgroup::
[2025-10-29T13:05:49.671+0000] {taskinstance.py:441} INFO - ::group::Post task execution logs
[2025-10-29T13:05:49.672+0000] {taskinstance.py:2905} ERROR - Task failed with exception
Traceback (most recent call last):
  File "/home/airflow/.local/lib/python3.12/site-packages/pandas/core/indexes/base.py", line 3791, in get_loc
    return self._engine.get_loc(casted_key)
           ^^^^^^^^^^^^^^^^^^^^^^^^^^^^^^^^
  File "index.pyx", line 152, in pandas._libs.index.IndexEngine.get_loc
  File "index.pyx", line 181, in pandas._libs.index.IndexEngine.get_loc
  File "pandas/_libs/hashtable_class_helper.pxi", line 7080, in pandas._libs.hashtable.PyObjectHashTable.get_item
  File "pandas/_libs/hashtable_class_helper.pxi", line 7088, in pandas._libs.hashtable.PyObjectHashTable.get_item
KeyError: 'timestamp'

The above exception was the direct cause of the following exception:

Traceback (most recent call last):
  File "/home/airflow/.local/lib/python3.12/site-packages/airflow/models/taskinstance.py", line 465, in _execute_task
    result = _execute_callable(context=context, **execute_callable_kwargs)
             ^^^^^^^^^^^^^^^^^^^^^^^^^^^^^^^^^^^^^^^^^^^^^^^^^^^^^^^^^^^^^
  File "/home/airflow/.local/lib/python3.12/site-packages/airflow/models/taskinstance.py", line 432, in _execute_callable
    return execute_callable(context=context, **execute_callable_kwargs)
           ^^^^^^^^^^^^^^^^^^^^^^^^^^^^^^^^^^^^^^^^^^^^^^^^^^^^^^^^^^^^
  File "/home/airflow/.local/lib/python3.12/site-packages/airflow/models/baseoperator.py", line 400, in wrapper
    return func(self, *args, **kwargs)
           ^^^^^^^^^^^^^^^^^^^^^^^^^^^
  File "/home/airflow/.local/lib/python3.12/site-packages/airflow/operators/python.py", line 235, in execute
    return_value = self.execute_callable()
                   ^^^^^^^^^^^^^^^^^^^^^^^
  File "/home/airflow/.local/lib/python3.12/site-packages/airflow/operators/python.py", line 252, in execute_callable
    return self.python_callable(*self.op_args, **self.op_kwargs)
           ^^^^^^^^^^^^^^^^^^^^^^^^^^^^^^^^^^^^^^^^^^^^^^^^^^^^^
  File "/opt/airflow/dags/retrain_logic.py", line 81, in run_retraining_pipeline
    X_train, X_val, y_train, y_val = preprocess_and_split(df)
                                     ^^^^^^^^^^^^^^^^^^^^^^^^
  File "/opt/airflow/dags/retrain_logic.py", line 42, in preprocess_and_split
    df['timestamp'] = pd.to_datetime(df['timestamp'], errors='coerce')
                                     ~~^^^^^^^^^^^^^
  File "/home/airflow/.local/lib/python3.12/site-packages/pandas/core/frame.py", line 3893, in __getitem__
    indexer = self.columns.get_loc(key)
              ^^^^^^^^^^^^^^^^^^^^^^^^^
  File "/home/airflow/.local/lib/python3.12/site-packages/pandas/core/indexes/base.py", line 3798, in get_loc
    raise KeyError(key) from err
KeyError: 'timestamp'
[2025-10-29T13:05:49.692+0000] {taskinstance.py:1206} INFO - Marking task as UP_FOR_RETRY. dag_id=model_retraining_pipeline, task_id=train_and_validate, run_id=manual__2025-10-29T13:05:47+00:00, execution_date=20251029T130547, start_date=20251029T130549, end_date=20251029T130549
[2025-10-29T13:05:49.714+0000] {standard_task_runner.py:110} ERROR - Failed to execute job 322 for task train_and_validate ('timestamp'; 804)
[2025-10-29T13:05:49.730+0000] {local_task_job_runner.py:240} INFO - Task exited with return code 1
[2025-10-29T13:05:49.750+0000] {taskinstance.py:3498} INFO - 0 downstream tasks scheduled from follow-on schedule check
[2025-10-29T13:05:49.754+0000] {local_task_job_runner.py:222} INFO - ::endgroup::
